Configuration file: /Users/AntonyDeighton/WORK/20250411_BlogWebsite/_config.yml
            Source: /Users/AntonyDeighton/WORK/20250411_BlogWebsite
       Destination: /Users/AntonyDeighton/WORK/20250411_BlogWebsite/_site
 Incremental build: disabled. Enable with --incremental
      Generating... 
       Jekyll Feed: Generating feed for posts
DEPRECATION WARNING [import]: Sass @import rules are deprecated and will be removed in Dart Sass 3.0.0.

More info and automated migrator: https://sass-lang.com/d/import

  ╷
1 │ @import "minima";
  │         ^^^^^^^^
  ╵
    /Users/AntonyDeighton/WORK/20250411_BlogWebsite/assets/main.scss 1:9  root stylesheet
DEPRECATION WARNING [import]: Sass @import rules are deprecated and will be removed in Dart Sass 3.0.0.

More info and automated migrator: https://sass-lang.com/d/import

   ╷
48 │   "minima/base",
   │   ^^^^^^^^^^^^^
   ╵
    minima.scss 48:3                                                      @import
    /Users/AntonyDeighton/WORK/20250411_BlogWebsite/assets/main.scss 1:9  root stylesheet
DEPRECATION WARNING [import]: Sass @import rules are deprecated and will be removed in Dart Sass 3.0.0.

More info and automated migrator: https://sass-lang.com/d/import

   ╷
49 │   "minima/layout",
   │   ^^^^^^^^^^^^^^^
   ╵
    minima.scss 49:3                                                      @import
    /Users/AntonyDeighton/WORK/20250411_BlogWebsite/assets/main.scss 1:9  root stylesheet
DEPRECATION WARNING [import]: Sass @import rules are deprecated and will be removed in Dart Sass 3.0.0.

More info and automated migrator: https://sass-lang.com/d/import

   ╷
50 │   "minima/syntax-highlighting"
   │   ^^^^^^^^^^^^^^^^^^^^^^^^^^^^
   ╵
    minima.scss 50:3                                                      @import
    /Users/AntonyDeighton/WORK/20250411_BlogWebsite/assets/main.scss 1:9  root stylesheet
DEPRECATION WARNING [global-builtin]: Global built-in functions are deprecated and will be removed in Dart Sass 3.0.0.
Use color.adjust instead.

More info and automated migrator: https://sass-lang.com/d/import

   ╷
18 │ $grey-color-light: lighten($grey-color, 40%) !default;
   │                    ^^^^^^^^^^^^^^^^^^^^^^^^^
   ╵
    minima.scss 18:20                                                     @import
    /Users/AntonyDeighton/WORK/20250411_BlogWebsite/assets/main.scss 1:9  root stylesheet
DEPRECATION WARNING [color-functions]: lighten() is deprecated. Suggestions:

color.scale($color, $lightness: 81.6%)
color.adjust($color, $lightness: 40%)

More info: https://sass-lang.com/d/color-functions

   ╷
18 │ $grey-color-light: lighten($grey-color, 40%) !default;
   │                    ^^^^^^^^^^^^^^^^^^^^^^^^^
   ╵
    minima.scss 18:20                                                     @import
    /Users/AntonyDeighton/WORK/20250411_BlogWebsite/assets/main.scss 1:9  root stylesheet
DEPRECATION WARNING [global-builtin]: Global built-in functions are deprecated and will be removed in Dart Sass 3.0.0.
Use color.adjust instead.

More info and automated migrator: https://sass-lang.com/d/import

   ╷
19 │ $grey-color-dark:  darken($grey-color, 25%) !default;
   │                    ^^^^^^^^^^^^^^^^^^^^^^^^
   ╵
    minima.scss 19:20                                                     @import
    /Users/AntonyDeighton/WORK/20250411_BlogWebsite/assets/main.scss 1:9  root stylesheet
DEPRECATION WARNING [color-functions]: darken() is deprecated. Suggestions:

color.scale($color, $lightness: -49.0384615385%)
color.adjust($color, $lightness: -25%)

More info: https://sass-lang.com/d/color-functions

   ╷
19 │ $grey-color-dark:  darken($grey-color, 25%) !default;
   │                    ^^^^^^^^^^^^^^^^^^^^^^^^
   ╵
    minima.scss 19:20                                                     @import
    /Users/AntonyDeighton/WORK/20250411_BlogWebsite/assets/main.scss 1:9  root stylesheet
DEPRECATION WARNING [global-builtin]: Global built-in functions are deprecated and will be removed in Dart Sass 3.0.0.
Use color.adjust instead.

More info and automated migrator: https://sass-lang.com/d/import

    ╷
110 │     color: darken($brand-color, 15%);
    │            ^^^^^^^^^^^^^^^^^^^^^^^^^
    ╵
    /Users/AntonyDeighton/WORK/20250411_BlogWebsite/_sass/minima/_base.scss 110:12  @import
    minima.scss 48:3                                                                @import
    /Users/AntonyDeighton/WORK/20250411_BlogWebsite/assets/main.scss 1:9            root stylesheet
DEPRECATION WARNING [color-functions]: darken() is deprecated. Suggestions:

color.scale($color, $lightness: -28.5447761194%)
color.adjust($color, $lightness: -15%)

More info: https://sass-lang.com/d/color-functions

    ╷
110 │     color: darken($brand-color, 15%);
    │            ^^^^^^^^^^^^^^^^^^^^^^^^^
    ╵
    /Users/AntonyDeighton/WORK/20250411_BlogWebsite/_sass/minima/_base.scss 110:12  @import
    minima.scss 48:3                                                                @import
    /Users/AntonyDeighton/WORK/20250411_BlogWebsite/assets/main.scss 1:9            root stylesheet
DEPRECATION WARNING [global-builtin]: Global built-in functions are deprecated and will be removed in Dart Sass 3.0.0.
Use color.adjust instead.

More info and automated migrator: https://sass-lang.com/d/import

    ╷
235 │   color: lighten($text-color, 18%);
    │          ^^^^^^^^^^^^^^^^^^^^^^^^^
    ╵
    /Users/AntonyDeighton/WORK/20250411_BlogWebsite/_sass/minima/_base.scss 235:10  @import
    minima.scss 48:3                                                                @import
    /Users/AntonyDeighton/WORK/20250411_BlogWebsite/assets/main.scss 1:9            root stylesheet
DEPRECATION WARNING [color-functions]: lighten() is deprecated. Suggestions:

color.scale($color, $lightness: 19.2857142857%)
color.adjust($color, $lightness: 18%)

More info: https://sass-lang.com/d/color-functions

    ╷
235 │   color: lighten($text-color, 18%);
    │          ^^^^^^^^^^^^^^^^^^^^^^^^^
    ╵
    /Users/AntonyDeighton/WORK/20250411_BlogWebsite/_sass/minima/_base.scss 235:10  @import
    minima.scss 48:3                                                                @import
    /Users/AntonyDeighton/WORK/20250411_BlogWebsite/assets/main.scss 1:9            root stylesheet
DEPRECATION WARNING [global-builtin]: Global built-in functions are deprecated and will be removed in Dart Sass 3.0.0.
Use color.adjust instead.

More info and automated migrator: https://sass-lang.com/d/import

    ╷
240 │       background-color: lighten($grey-color-light, 6%);
    │                         ^^^^^^^^^^^^^^^^^^^^^^^^^^^^^^
    ╵
    /Users/AntonyDeighton/WORK/20250411_BlogWebsite/_sass/minima/_base.scss 240:25  @import
    minima.scss 48:3                                                                @import
    /Users/AntonyDeighton/WORK/20250411_BlogWebsite/assets/main.scss 1:9            root stylesheet
DEPRECATION WARNING [color-functions]: lighten() is deprecated. Suggestions:

color.scale($color, $lightness: 66.5217391304%)
color.adjust($color, $lightness: 6%)

More info: https://sass-lang.com/d/color-functions

    ╷
240 │       background-color: lighten($grey-color-light, 6%);
    │                         ^^^^^^^^^^^^^^^^^^^^^^^^^^^^^^
    ╵
    /Users/AntonyDeighton/WORK/20250411_BlogWebsite/_sass/minima/_base.scss 240:25  @import
    minima.scss 48:3                                                                @import
    /Users/AntonyDeighton/WORK/20250411_BlogWebsite/assets/main.scss 1:9            root stylesheet
WARNING: 6 repetitive deprecation warnings omitted.
Run in verbose mode to see all warnings.
DEPRECATION WARNING [import]: Sass @import rules are deprecated and will be removed in Dart Sass 3.0.0.

More info and automated migrator: https://sass-lang.com/d/import

  ╷
1 │ @import "jekyll-theme-minimal";
  │         ^^^^^^^^^^^^^^^^^^^^^^
  ╵
    /Users/AntonyDeighton/WORK/20250411_BlogWebsite/assets/css/style.scss 1:9  root stylesheet
DEPRECATION WARNING [import]: Sass @import rules are deprecated and will be removed in Dart Sass 3.0.0.

More info and automated migrator: https://sass-lang.com/d/import

  ╷
1 │ @import "fonts";
  │         ^^^^^^^
  ╵
    jekyll-theme-minimal.scss 1:9                                              @import
    /Users/AntonyDeighton/WORK/20250411_BlogWebsite/assets/css/style.scss 1:9  root stylesheet
DEPRECATION WARNING [import]: Sass @import rules are deprecated and will be removed in Dart Sass 3.0.0.

More info and automated migrator: https://sass-lang.com/d/import

  ╷
2 │ @import "rouge-github";
  │         ^^^^^^^^^^^^^^
  ╵
    jekyll-theme-minimal.scss 2:9                                              @import
    /Users/AntonyDeighton/WORK/20250411_BlogWebsite/assets/css/style.scss 1:9  root stylesheet
                    done in 3.017 seconds.
 Auto-regeneration: enabled for '/Users/AntonyDeighton/WORK/20250411_BlogWebsite'
    Server address: http://127.0.0.1:4000/
  Server running... press ctrl-c to stop.
      Regenerating: 1 file(s) changed at 2025-06-25 22:09:00
                    assets/js/globe.js
       Jekyll Feed: Generating feed for posts
DEPRECATION WARNING [import]: Sass @import rules are deprecated and will be removed in Dart Sass 3.0.0.

More info and automated migrator: https://sass-lang.com/d/import

  ╷
1 │ @import "minima";
  │         ^^^^^^^^
  ╵
    /Users/AntonyDeighton/WORK/20250411_BlogWebsite/assets/main.scss 1:9  root stylesheet
DEPRECATION WARNING [import]: Sass @import rules are deprecated and will be removed in Dart Sass 3.0.0.

More info and automated migrator: https://sass-lang.com/d/import

   ╷
48 │   "minima/base",
   │   ^^^^^^^^^^^^^
   ╵
    minima.scss 48:3                                                      @import
    /Users/AntonyDeighton/WORK/20250411_BlogWebsite/assets/main.scss 1:9  root stylesheet
DEPRECATION WARNING [import]: Sass @import rules are deprecated and will be removed in Dart Sass 3.0.0.

More info and automated migrator: https://sass-lang.com/d/import

   ╷
49 │   "minima/layout",
   │   ^^^^^^^^^^^^^^^
   ╵
    minima.scss 49:3                                                      @import
    /Users/AntonyDeighton/WORK/20250411_BlogWebsite/assets/main.scss 1:9  root stylesheet
DEPRECATION WARNING [import]: Sass @import rules are deprecated and will be removed in Dart Sass 3.0.0.

More info and automated migrator: https://sass-lang.com/d/import

   ╷
50 │   "minima/syntax-highlighting"
   │   ^^^^^^^^^^^^^^^^^^^^^^^^^^^^
   ╵
    minima.scss 50:3                                                      @import
    /Users/AntonyDeighton/WORK/20250411_BlogWebsite/assets/main.scss 1:9  root stylesheet
DEPRECATION WARNING [global-builtin]: Global built-in functions are deprecated and will be removed in Dart Sass 3.0.0.
Use color.adjust instead.

More info and automated migrator: https://sass-lang.com/d/import

   ╷
18 │ $grey-color-light: lighten($grey-color, 40%) !default;
   │                    ^^^^^^^^^^^^^^^^^^^^^^^^^
   ╵
    minima.scss 18:20                                                     @import
    /Users/AntonyDeighton/WORK/20250411_BlogWebsite/assets/main.scss 1:9  root stylesheet
DEPRECATION WARNING [color-functions]: lighten() is deprecated. Suggestions:

color.scale($color, $lightness: 81.6%)
color.adjust($color, $lightness: 40%)

More info: https://sass-lang.com/d/color-functions

   ╷
18 │ $grey-color-light: lighten($grey-color, 40%) !default;
   │                    ^^^^^^^^^^^^^^^^^^^^^^^^^
   ╵
    minima.scss 18:20                                                     @import
    /Users/AntonyDeighton/WORK/20250411_BlogWebsite/assets/main.scss 1:9  root stylesheet
DEPRECATION WARNING [global-builtin]: Global built-in functions are deprecated and will be removed in Dart Sass 3.0.0.
Use color.adjust instead.

More info and automated migrator: https://sass-lang.com/d/import

   ╷
19 │ $grey-color-dark:  darken($grey-color, 25%) !default;
   │                    ^^^^^^^^^^^^^^^^^^^^^^^^
   ╵
    minima.scss 19:20                                                     @import
    /Users/AntonyDeighton/WORK/20250411_BlogWebsite/assets/main.scss 1:9  root stylesheet
DEPRECATION WARNING [color-functions]: darken() is deprecated. Suggestions:

color.scale($color, $lightness: -49.0384615385%)
color.adjust($color, $lightness: -25%)

More info: https://sass-lang.com/d/color-functions

   ╷
19 │ $grey-color-dark:  darken($grey-color, 25%) !default;
   │                    ^^^^^^^^^^^^^^^^^^^^^^^^
   ╵
    minima.scss 19:20                                                     @import
    /Users/AntonyDeighton/WORK/20250411_BlogWebsite/assets/main.scss 1:9  root stylesheet
DEPRECATION WARNING [global-builtin]: Global built-in functions are deprecated and will be removed in Dart Sass 3.0.0.
Use color.adjust instead.

More info and automated migrator: https://sass-lang.com/d/import

    ╷
110 │     color: darken($brand-color, 15%);
    │            ^^^^^^^^^^^^^^^^^^^^^^^^^
    ╵
    /Users/AntonyDeighton/WORK/20250411_BlogWebsite/_sass/minima/_base.scss 110:12  @import
    minima.scss 48:3                                                                @import
    /Users/AntonyDeighton/WORK/20250411_BlogWebsite/assets/main.scss 1:9            root stylesheet
DEPRECATION WARNING [color-functions]: darken() is deprecated. Suggestions:

color.scale($color, $lightness: -28.5447761194%)
color.adjust($color, $lightness: -15%)

More info: https://sass-lang.com/d/color-functions

    ╷
110 │     color: darken($brand-color, 15%);
    │            ^^^^^^^^^^^^^^^^^^^^^^^^^
    ╵
    /Users/AntonyDeighton/WORK/20250411_BlogWebsite/_sass/minima/_base.scss 110:12  @import
    minima.scss 48:3                                                                @import
    /Users/AntonyDeighton/WORK/20250411_BlogWebsite/assets/main.scss 1:9            root stylesheet
DEPRECATION WARNING [global-builtin]: Global built-in functions are deprecated and will be removed in Dart Sass 3.0.0.
Use color.adjust instead.

More info and automated migrator: https://sass-lang.com/d/import

    ╷
235 │   color: lighten($text-color, 18%);
    │          ^^^^^^^^^^^^^^^^^^^^^^^^^
    ╵
    /Users/AntonyDeighton/WORK/20250411_BlogWebsite/_sass/minima/_base.scss 235:10  @import
    minima.scss 48:3                                                                @import
    /Users/AntonyDeighton/WORK/20250411_BlogWebsite/assets/main.scss 1:9            root stylesheet
DEPRECATION WARNING [color-functions]: lighten() is deprecated. Suggestions:

color.scale($color, $lightness: 19.2857142857%)
color.adjust($color, $lightness: 18%)

More info: https://sass-lang.com/d/color-functions

    ╷
235 │   color: lighten($text-color, 18%);
    │          ^^^^^^^^^^^^^^^^^^^^^^^^^
    ╵
    /Users/AntonyDeighton/WORK/20250411_BlogWebsite/_sass/minima/_base.scss 235:10  @import
    minima.scss 48:3                                                                @import
    /Users/AntonyDeighton/WORK/20250411_BlogWebsite/assets/main.scss 1:9            root stylesheet
DEPRECATION WARNING [global-builtin]: Global built-in functions are deprecated and will be removed in Dart Sass 3.0.0.
Use color.adjust instead.

More info and automated migrator: https://sass-lang.com/d/import

    ╷
240 │       background-color: lighten($grey-color-light, 6%);
    │                         ^^^^^^^^^^^^^^^^^^^^^^^^^^^^^^
    ╵
    /Users/AntonyDeighton/WORK/20250411_BlogWebsite/_sass/minima/_base.scss 240:25  @import
    minima.scss 48:3                                                                @import
    /Users/AntonyDeighton/WORK/20250411_BlogWebsite/assets/main.scss 1:9            root stylesheet
DEPRECATION WARNING [color-functions]: lighten() is deprecated. Suggestions:

color.scale($color, $lightness: 66.5217391304%)
color.adjust($color, $lightness: 6%)

More info: https://sass-lang.com/d/color-functions

    ╷
240 │       background-color: lighten($grey-color-light, 6%);
    │                         ^^^^^^^^^^^^^^^^^^^^^^^^^^^^^^
    ╵
    /Users/AntonyDeighton/WORK/20250411_BlogWebsite/_sass/minima/_base.scss 240:25  @import
    minima.scss 48:3                                                                @import
    /Users/AntonyDeighton/WORK/20250411_BlogWebsite/assets/main.scss 1:9            root stylesheet
WARNING: 6 repetitive deprecation warnings omitted.
Run in verbose mode to see all warnings.
DEPRECATION WARNING [import]: Sass @import rules are deprecated and will be removed in Dart Sass 3.0.0.

More info and automated migrator: https://sass-lang.com/d/import

  ╷
1 │ @import "jekyll-theme-minimal";
  │         ^^^^^^^^^^^^^^^^^^^^^^
  ╵
    /Users/AntonyDeighton/WORK/20250411_BlogWebsite/assets/css/style.scss 1:9  root stylesheet
DEPRECATION WARNING [import]: Sass @import rules are deprecated and will be removed in Dart Sass 3.0.0.

More info and automated migrator: https://sass-lang.com/d/import

  ╷
1 │ @import "fonts";
  │         ^^^^^^^
  ╵
    jekyll-theme-minimal.scss 1:9                                              @import
    /Users/AntonyDeighton/WORK/20250411_BlogWebsite/assets/css/style.scss 1:9  root stylesheet
DEPRECATION WARNING [import]: Sass @import rules are deprecated and will be removed in Dart Sass 3.0.0.

More info and automated migrator: https://sass-lang.com/d/import

  ╷
2 │ @import "rouge-github";
  │         ^^^^^^^^^^^^^^
  ╵
    jekyll-theme-minimal.scss 2:9                                              @import
    /Users/AntonyDeighton/WORK/20250411_BlogWebsite/assets/css/style.scss 1:9  root stylesheet
                    ...done in 0.979486 seconds.
                    
      Regenerating: 1 file(s) changed at 2025-06-25 22:09:47
                    assets/js/globe.js
       Jekyll Feed: Generating feed for posts
DEPRECATION WARNING [import]: Sass @import rules are deprecated and will be removed in Dart Sass 3.0.0.

More info and automated migrator: https://sass-lang.com/d/import

  ╷
1 │ @import "minima";
  │         ^^^^^^^^
  ╵
    /Users/AntonyDeighton/WORK/20250411_BlogWebsite/assets/main.scss 1:9  root stylesheet
DEPRECATION WARNING [import]: Sass @import rules are deprecated and will be removed in Dart Sass 3.0.0.

More info and automated migrator: https://sass-lang.com/d/import

   ╷
48 │   "minima/base",
   │   ^^^^^^^^^^^^^
   ╵
    minima.scss 48:3                                                      @import
    /Users/AntonyDeighton/WORK/20250411_BlogWebsite/assets/main.scss 1:9  root stylesheet
DEPRECATION WARNING [import]: Sass @import rules are deprecated and will be removed in Dart Sass 3.0.0.

More info and automated migrator: https://sass-lang.com/d/import

   ╷
49 │   "minima/layout",
   │   ^^^^^^^^^^^^^^^
   ╵
    minima.scss 49:3                                                      @import
    /Users/AntonyDeighton/WORK/20250411_BlogWebsite/assets/main.scss 1:9  root stylesheet
DEPRECATION WARNING [import]: Sass @import rules are deprecated and will be removed in Dart Sass 3.0.0.

More info and automated migrator: https://sass-lang.com/d/import

   ╷
50 │   "minima/syntax-highlighting"
   │   ^^^^^^^^^^^^^^^^^^^^^^^^^^^^
   ╵
    minima.scss 50:3                                                      @import
    /Users/AntonyDeighton/WORK/20250411_BlogWebsite/assets/main.scss 1:9  root stylesheet
DEPRECATION WARNING [global-builtin]: Global built-in functions are deprecated and will be removed in Dart Sass 3.0.0.
Use color.adjust instead.

More info and automated migrator: https://sass-lang.com/d/import

   ╷
18 │ $grey-color-light: lighten($grey-color, 40%) !default;
   │                    ^^^^^^^^^^^^^^^^^^^^^^^^^
   ╵
    minima.scss 18:20                                                     @import
    /Users/AntonyDeighton/WORK/20250411_BlogWebsite/assets/main.scss 1:9  root stylesheet
DEPRECATION WARNING [color-functions]: lighten() is deprecated. Suggestions:

color.scale($color, $lightness: 81.6%)
color.adjust($color, $lightness: 40%)

More info: https://sass-lang.com/d/color-functions

   ╷
18 │ $grey-color-light: lighten($grey-color, 40%) !default;
   │                    ^^^^^^^^^^^^^^^^^^^^^^^^^
   ╵
    minima.scss 18:20                                                     @import
    /Users/AntonyDeighton/WORK/20250411_BlogWebsite/assets/main.scss 1:9  root stylesheet
DEPRECATION WARNING [global-builtin]: Global built-in functions are deprecated and will be removed in Dart Sass 3.0.0.
Use color.adjust instead.

More info and automated migrator: https://sass-lang.com/d/import

   ╷
19 │ $grey-color-dark:  darken($grey-color, 25%) !default;
   │                    ^^^^^^^^^^^^^^^^^^^^^^^^
   ╵
    minima.scss 19:20                                                     @import
    /Users/AntonyDeighton/WORK/20250411_BlogWebsite/assets/main.scss 1:9  root stylesheet
DEPRECATION WARNING [color-functions]: darken() is deprecated. Suggestions:

color.scale($color, $lightness: -49.0384615385%)
color.adjust($color, $lightness: -25%)

More info: https://sass-lang.com/d/color-functions

   ╷
19 │ $grey-color-dark:  darken($grey-color, 25%) !default;
   │                    ^^^^^^^^^^^^^^^^^^^^^^^^
   ╵
    minima.scss 19:20                                                     @import
    /Users/AntonyDeighton/WORK/20250411_BlogWebsite/assets/main.scss 1:9  root stylesheet
DEPRECATION WARNING [global-builtin]: Global built-in functions are deprecated and will be removed in Dart Sass 3.0.0.
Use color.adjust instead.

More info and automated migrator: https://sass-lang.com/d/import

    ╷
110 │     color: darken($brand-color, 15%);
    │            ^^^^^^^^^^^^^^^^^^^^^^^^^
    ╵
    /Users/AntonyDeighton/WORK/20250411_BlogWebsite/_sass/minima/_base.scss 110:12  @import
    minima.scss 48:3                                                                @import
    /Users/AntonyDeighton/WORK/20250411_BlogWebsite/assets/main.scss 1:9            root stylesheet
DEPRECATION WARNING [color-functions]: darken() is deprecated. Suggestions:

color.scale($color, $lightness: -28.5447761194%)
color.adjust($color, $lightness: -15%)

More info: https://sass-lang.com/d/color-functions

    ╷
110 │     color: darken($brand-color, 15%);
    │            ^^^^^^^^^^^^^^^^^^^^^^^^^
    ╵
    /Users/AntonyDeighton/WORK/20250411_BlogWebsite/_sass/minima/_base.scss 110:12  @import
    minima.scss 48:3                                                                @import
    /Users/AntonyDeighton/WORK/20250411_BlogWebsite/assets/main.scss 1:9            root stylesheet
DEPRECATION WARNING [global-builtin]: Global built-in functions are deprecated and will be removed in Dart Sass 3.0.0.
Use color.adjust instead.

More info and automated migrator: https://sass-lang.com/d/import

    ╷
235 │   color: lighten($text-color, 18%);
    │          ^^^^^^^^^^^^^^^^^^^^^^^^^
    ╵
    /Users/AntonyDeighton/WORK/20250411_BlogWebsite/_sass/minima/_base.scss 235:10  @import
    minima.scss 48:3                                                                @import
    /Users/AntonyDeighton/WORK/20250411_BlogWebsite/assets/main.scss 1:9            root stylesheet
DEPRECATION WARNING [color-functions]: lighten() is deprecated. Suggestions:

color.scale($color, $lightness: 19.2857142857%)
color.adjust($color, $lightness: 18%)

More info: https://sass-lang.com/d/color-functions

    ╷
235 │   color: lighten($text-color, 18%);
    │          ^^^^^^^^^^^^^^^^^^^^^^^^^
    ╵
    /Users/AntonyDeighton/WORK/20250411_BlogWebsite/_sass/minima/_base.scss 235:10  @import
    minima.scss 48:3                                                                @import
    /Users/AntonyDeighton/WORK/20250411_BlogWebsite/assets/main.scss 1:9            root stylesheet
DEPRECATION WARNING [global-builtin]: Global built-in functions are deprecated and will be removed in Dart Sass 3.0.0.
Use color.adjust instead.

More info and automated migrator: https://sass-lang.com/d/import

    ╷
240 │       background-color: lighten($grey-color-light, 6%);
    │                         ^^^^^^^^^^^^^^^^^^^^^^^^^^^^^^
    ╵
    /Users/AntonyDeighton/WORK/20250411_BlogWebsite/_sass/minima/_base.scss 240:25  @import
    minima.scss 48:3                                                                @import
    /Users/AntonyDeighton/WORK/20250411_BlogWebsite/assets/main.scss 1:9            root stylesheet
DEPRECATION WARNING [color-functions]: lighten() is deprecated. Suggestions:

color.scale($color, $lightness: 66.5217391304%)
color.adjust($color, $lightness: 6%)

More info: https://sass-lang.com/d/color-functions

    ╷
240 │       background-color: lighten($grey-color-light, 6%);
    │                         ^^^^^^^^^^^^^^^^^^^^^^^^^^^^^^
    ╵
    /Users/AntonyDeighton/WORK/20250411_BlogWebsite/_sass/minima/_base.scss 240:25  @import
    minima.scss 48:3                                                                @import
    /Users/AntonyDeighton/WORK/20250411_BlogWebsite/assets/main.scss 1:9            root stylesheet
WARNING: 6 repetitive deprecation warnings omitted.
Run in verbose mode to see all warnings.
DEPRECATION WARNING [import]: Sass @import rules are deprecated and will be removed in Dart Sass 3.0.0.

More info and automated migrator: https://sass-lang.com/d/import

  ╷
1 │ @import "jekyll-theme-minimal";
  │         ^^^^^^^^^^^^^^^^^^^^^^
  ╵
    /Users/AntonyDeighton/WORK/20250411_BlogWebsite/assets/css/style.scss 1:9  root stylesheet
DEPRECATION WARNING [import]: Sass @import rules are deprecated and will be removed in Dart Sass 3.0.0.

More info and automated migrator: https://sass-lang.com/d/import

  ╷
1 │ @import "fonts";
  │         ^^^^^^^
  ╵
    jekyll-theme-minimal.scss 1:9                                              @import
    /Users/AntonyDeighton/WORK/20250411_BlogWebsite/assets/css/style.scss 1:9  root stylesheet
DEPRECATION WARNING [import]: Sass @import rules are deprecated and will be removed in Dart Sass 3.0.0.

More info and automated migrator: https://sass-lang.com/d/import

  ╷
2 │ @import "rouge-github";
  │         ^^^^^^^^^^^^^^
  ╵
    jekyll-theme-minimal.scss 2:9                                              @import
    /Users/AntonyDeighton/WORK/20250411_BlogWebsite/assets/css/style.scss 1:9  root stylesheet
                    ...done in 0.927386 seconds.
                    
      Regenerating: 1 file(s) changed at 2025-06-25 22:10:30
                    assets/js/globe.js
       Jekyll Feed: Generating feed for posts
DEPRECATION WARNING [import]: Sass @import rules are deprecated and will be removed in Dart Sass 3.0.0.

More info and automated migrator: https://sass-lang.com/d/import

  ╷
1 │ @import "minima";
  │         ^^^^^^^^
  ╵
    /Users/AntonyDeighton/WORK/20250411_BlogWebsite/assets/main.scss 1:9  root stylesheet
DEPRECATION WARNING [import]: Sass @import rules are deprecated and will be removed in Dart Sass 3.0.0.

More info and automated migrator: https://sass-lang.com/d/import

   ╷
48 │   "minima/base",
   │   ^^^^^^^^^^^^^
   ╵
    minima.scss 48:3                                                      @import
    /Users/AntonyDeighton/WORK/20250411_BlogWebsite/assets/main.scss 1:9  root stylesheet
DEPRECATION WARNING [import]: Sass @import rules are deprecated and will be removed in Dart Sass 3.0.0.

More info and automated migrator: https://sass-lang.com/d/import

   ╷
49 │   "minima/layout",
   │   ^^^^^^^^^^^^^^^
   ╵
    minima.scss 49:3                                                      @import
    /Users/AntonyDeighton/WORK/20250411_BlogWebsite/assets/main.scss 1:9  root stylesheet
DEPRECATION WARNING [import]: Sass @import rules are deprecated and will be removed in Dart Sass 3.0.0.

More info and automated migrator: https://sass-lang.com/d/import

   ╷
50 │   "minima/syntax-highlighting"
   │   ^^^^^^^^^^^^^^^^^^^^^^^^^^^^
   ╵
    minima.scss 50:3                                                      @import
    /Users/AntonyDeighton/WORK/20250411_BlogWebsite/assets/main.scss 1:9  root stylesheet
DEPRECATION WARNING [global-builtin]: Global built-in functions are deprecated and will be removed in Dart Sass 3.0.0.
Use color.adjust instead.

More info and automated migrator: https://sass-lang.com/d/import

   ╷
18 │ $grey-color-light: lighten($grey-color, 40%) !default;
   │                    ^^^^^^^^^^^^^^^^^^^^^^^^^
   ╵
    minima.scss 18:20                                                     @import
    /Users/AntonyDeighton/WORK/20250411_BlogWebsite/assets/main.scss 1:9  root stylesheet
DEPRECATION WARNING [color-functions]: lighten() is deprecated. Suggestions:

color.scale($color, $lightness: 81.6%)
color.adjust($color, $lightness: 40%)

More info: https://sass-lang.com/d/color-functions

   ╷
18 │ $grey-color-light: lighten($grey-color, 40%) !default;
   │                    ^^^^^^^^^^^^^^^^^^^^^^^^^
   ╵
    minima.scss 18:20                                                     @import
    /Users/AntonyDeighton/WORK/20250411_BlogWebsite/assets/main.scss 1:9  root stylesheet
DEPRECATION WARNING [global-builtin]: Global built-in functions are deprecated and will be removed in Dart Sass 3.0.0.
Use color.adjust instead.

More info and automated migrator: https://sass-lang.com/d/import

   ╷
19 │ $grey-color-dark:  darken($grey-color, 25%) !default;
   │                    ^^^^^^^^^^^^^^^^^^^^^^^^
   ╵
    minima.scss 19:20                                                     @import
    /Users/AntonyDeighton/WORK/20250411_BlogWebsite/assets/main.scss 1:9  root stylesheet
DEPRECATION WARNING [color-functions]: darken() is deprecated. Suggestions:

color.scale($color, $lightness: -49.0384615385%)
color.adjust($color, $lightness: -25%)

More info: https://sass-lang.com/d/color-functions

   ╷
19 │ $grey-color-dark:  darken($grey-color, 25%) !default;
   │                    ^^^^^^^^^^^^^^^^^^^^^^^^
   ╵
    minima.scss 19:20                                                     @import
    /Users/AntonyDeighton/WORK/20250411_BlogWebsite/assets/main.scss 1:9  root stylesheet
DEPRECATION WARNING [global-builtin]: Global built-in functions are deprecated and will be removed in Dart Sass 3.0.0.
Use color.adjust instead.

More info and automated migrator: https://sass-lang.com/d/import

    ╷
110 │     color: darken($brand-color, 15%);
    │            ^^^^^^^^^^^^^^^^^^^^^^^^^
    ╵
    /Users/AntonyDeighton/WORK/20250411_BlogWebsite/_sass/minima/_base.scss 110:12  @import
    minima.scss 48:3                                                                @import
    /Users/AntonyDeighton/WORK/20250411_BlogWebsite/assets/main.scss 1:9            root stylesheet
DEPRECATION WARNING [color-functions]: darken() is deprecated. Suggestions:

color.scale($color, $lightness: -28.5447761194%)
color.adjust($color, $lightness: -15%)

More info: https://sass-lang.com/d/color-functions

    ╷
110 │     color: darken($brand-color, 15%);
    │            ^^^^^^^^^^^^^^^^^^^^^^^^^
    ╵
    /Users/AntonyDeighton/WORK/20250411_BlogWebsite/_sass/minima/_base.scss 110:12  @import
    minima.scss 48:3                                                                @import
    /Users/AntonyDeighton/WORK/20250411_BlogWebsite/assets/main.scss 1:9            root stylesheet
DEPRECATION WARNING [global-builtin]: Global built-in functions are deprecated and will be removed in Dart Sass 3.0.0.
Use color.adjust instead.

More info and automated migrator: https://sass-lang.com/d/import

    ╷
235 │   color: lighten($text-color, 18%);
    │          ^^^^^^^^^^^^^^^^^^^^^^^^^
    ╵
    /Users/AntonyDeighton/WORK/20250411_BlogWebsite/_sass/minima/_base.scss 235:10  @import
    minima.scss 48:3                                                                @import
    /Users/AntonyDeighton/WORK/20250411_BlogWebsite/assets/main.scss 1:9            root stylesheet
DEPRECATION WARNING [color-functions]: lighten() is deprecated. Suggestions:

color.scale($color, $lightness: 19.2857142857%)
color.adjust($color, $lightness: 18%)

More info: https://sass-lang.com/d/color-functions

    ╷
235 │   color: lighten($text-color, 18%);
    │          ^^^^^^^^^^^^^^^^^^^^^^^^^
    ╵
    /Users/AntonyDeighton/WORK/20250411_BlogWebsite/_sass/minima/_base.scss 235:10  @import
    minima.scss 48:3                                                                @import
    /Users/AntonyDeighton/WORK/20250411_BlogWebsite/assets/main.scss 1:9            root stylesheet
DEPRECATION WARNING [global-builtin]: Global built-in functions are deprecated and will be removed in Dart Sass 3.0.0.
Use color.adjust instead.

More info and automated migrator: https://sass-lang.com/d/import

    ╷
240 │       background-color: lighten($grey-color-light, 6%);
    │                         ^^^^^^^^^^^^^^^^^^^^^^^^^^^^^^
    ╵
    /Users/AntonyDeighton/WORK/20250411_BlogWebsite/_sass/minima/_base.scss 240:25  @import
    minima.scss 48:3                                                                @import
    /Users/AntonyDeighton/WORK/20250411_BlogWebsite/assets/main.scss 1:9            root stylesheet
DEPRECATION WARNING [color-functions]: lighten() is deprecated. Suggestions:

color.scale($color, $lightness: 66.5217391304%)
color.adjust($color, $lightness: 6%)

More info: https://sass-lang.com/d/color-functions

    ╷
240 │       background-color: lighten($grey-color-light, 6%);
    │                         ^^^^^^^^^^^^^^^^^^^^^^^^^^^^^^
    ╵
    /Users/AntonyDeighton/WORK/20250411_BlogWebsite/_sass/minima/_base.scss 240:25  @import
    minima.scss 48:3                                                                @import
    /Users/AntonyDeighton/WORK/20250411_BlogWebsite/assets/main.scss 1:9            root stylesheet
WARNING: 6 repetitive deprecation warnings omitted.
Run in verbose mode to see all warnings.
DEPRECATION WARNING [import]: Sass @import rules are deprecated and will be removed in Dart Sass 3.0.0.

More info and automated migrator: https://sass-lang.com/d/import

  ╷
1 │ @import "jekyll-theme-minimal";
  │         ^^^^^^^^^^^^^^^^^^^^^^
  ╵
    /Users/AntonyDeighton/WORK/20250411_BlogWebsite/assets/css/style.scss 1:9  root stylesheet
DEPRECATION WARNING [import]: Sass @import rules are deprecated and will be removed in Dart Sass 3.0.0.

More info and automated migrator: https://sass-lang.com/d/import

  ╷
1 │ @import "fonts";
  │         ^^^^^^^
  ╵
    jekyll-theme-minimal.scss 1:9                                              @import
    /Users/AntonyDeighton/WORK/20250411_BlogWebsite/assets/css/style.scss 1:9  root stylesheet
DEPRECATION WARNING [import]: Sass @import rules are deprecated and will be removed in Dart Sass 3.0.0.

More info and automated migrator: https://sass-lang.com/d/import

  ╷
2 │ @import "rouge-github";
  │         ^^^^^^^^^^^^^^
  ╵
    jekyll-theme-minimal.scss 2:9                                              @import
    /Users/AntonyDeighton/WORK/20250411_BlogWebsite/assets/css/style.scss 1:9  root stylesheet
                    ...done in 0.946329 seconds.
                    
[31m                    ------------------------------------------------[0m
[31m      Jekyll 4.4.1   Please append `--trace` to the `serve` command [0m
[31m                     for any additional information or backtrace. [0m
[31m                    ------------------------------------------------[0m
/Users/AntonyDeighton/.rbenv/versions/3.1.3/lib/ruby/gems/3.1.0/gems/jekyll-4.4.1/lib/jekyll/commands/serve.rb:291:in `join': SIGTERM (SignalException)
	from /Users/AntonyDeighton/.rbenv/versions/3.1.3/lib/ruby/gems/3.1.0/gems/jekyll-4.4.1/lib/jekyll/commands/serve.rb:291:in `boot_or_detach'
	from /Users/AntonyDeighton/.rbenv/versions/3.1.3/lib/ruby/gems/3.1.0/gems/jekyll-4.4.1/lib/jekyll/commands/serve.rb:221:in `start_up_webrick'
	from /Users/AntonyDeighton/.rbenv/versions/3.1.3/lib/ruby/gems/3.1.0/gems/jekyll-4.4.1/lib/jekyll/commands/serve.rb:102:in `process'
	from /Users/AntonyDeighton/.rbenv/versions/3.1.3/lib/ruby/gems/3.1.0/gems/jekyll-4.4.1/lib/jekyll/command.rb:91:in `block in process_with_graceful_fail'
	from /Users/AntonyDeighton/.rbenv/versions/3.1.3/lib/ruby/gems/3.1.0/gems/jekyll-4.4.1/lib/jekyll/command.rb:91:in `each'
	from /Users/AntonyDeighton/.rbenv/versions/3.1.3/lib/ruby/gems/3.1.0/gems/jekyll-4.4.1/lib/jekyll/command.rb:91:in `process_with_graceful_fail'
	from /Users/AntonyDeighton/.rbenv/versions/3.1.3/lib/ruby/gems/3.1.0/gems/jekyll-4.4.1/lib/jekyll/commands/serve.rb:85:in `block (2 levels) in init_with_program'
	from /Users/AntonyDeighton/.rbenv/versions/3.1.3/lib/ruby/gems/3.1.0/gems/mercenary-0.4.0/lib/mercenary/command.rb:221:in `block in execute'
	from /Users/AntonyDeighton/.rbenv/versions/3.1.3/lib/ruby/gems/3.1.0/gems/mercenary-0.4.0/lib/mercenary/command.rb:221:in `each'
	from /Users/AntonyDeighton/.rbenv/versions/3.1.3/lib/ruby/gems/3.1.0/gems/mercenary-0.4.0/lib/mercenary/command.rb:221:in `execute'
	from /Users/AntonyDeighton/.rbenv/versions/3.1.3/lib/ruby/gems/3.1.0/gems/mercenary-0.4.0/lib/mercenary/program.rb:44:in `go'
	from /Users/AntonyDeighton/.rbenv/versions/3.1.3/lib/ruby/gems/3.1.0/gems/mercenary-0.4.0/lib/mercenary.rb:21:in `program'
	from /Users/AntonyDeighton/.rbenv/versions/3.1.3/lib/ruby/gems/3.1.0/gems/jekyll-4.4.1/exe/jekyll:15:in `<top (required)>'
	from /Users/AntonyDeighton/.rbenv/versions/3.1.3/bin/jekyll:25:in `load'
	from /Users/AntonyDeighton/.rbenv/versions/3.1.3/bin/jekyll:25:in `<top (required)>'
	from /Users/AntonyDeighton/.rbenv/versions/3.1.3/lib/ruby/gems/3.1.0/gems/bundler-2.6.8/lib/bundler/cli/exec.rb:59:in `load'
	from /Users/AntonyDeighton/.rbenv/versions/3.1.3/lib/ruby/gems/3.1.0/gems/bundler-2.6.8/lib/bundler/cli/exec.rb:59:in `kernel_load'
	from /Users/AntonyDeighton/.rbenv/versions/3.1.3/lib/ruby/gems/3.1.0/gems/bundler-2.6.8/lib/bundler/cli/exec.rb:23:in `run'
	from /Users/AntonyDeighton/.rbenv/versions/3.1.3/lib/ruby/gems/3.1.0/gems/bundler-2.6.8/lib/bundler/cli.rb:452:in `exec'
	from /Users/AntonyDeighton/.rbenv/versions/3.1.3/lib/ruby/gems/3.1.0/gems/bundler-2.6.8/lib/bundler/vendor/thor/lib/thor/command.rb:28:in `run'
	from /Users/AntonyDeighton/.rbenv/versions/3.1.3/lib/ruby/gems/3.1.0/gems/bundler-2.6.8/lib/bundler/vendor/thor/lib/thor/invocation.rb:127:in `invoke_command'
	from /Users/AntonyDeighton/.rbenv/versions/3.1.3/lib/ruby/gems/3.1.0/gems/bundler-2.6.8/lib/bundler/vendor/thor/lib/thor.rb:538:in `dispatch'
	from /Users/AntonyDeighton/.rbenv/versions/3.1.3/lib/ruby/gems/3.1.0/gems/bundler-2.6.8/lib/bundler/cli.rb:35:in `dispatch'
	from /Users/AntonyDeighton/.rbenv/versions/3.1.3/lib/ruby/gems/3.1.0/gems/bundler-2.6.8/lib/bundler/vendor/thor/lib/thor/base.rb:584:in `start'
	from /Users/AntonyDeighton/.rbenv/versions/3.1.3/lib/ruby/gems/3.1.0/gems/bundler-2.6.8/lib/bundler/cli.rb:29:in `start'
	from /Users/AntonyDeighton/.rbenv/versions/3.1.3/lib/ruby/gems/3.1.0/gems/bundler-2.6.8/exe/bundle:28:in `block in <top (required)>'
	from /Users/AntonyDeighton/.rbenv/versions/3.1.3/lib/ruby/gems/3.1.0/gems/bundler-2.6.8/lib/bundler/friendly_errors.rb:117:in `with_friendly_errors'
	from /Users/AntonyDeighton/.rbenv/versions/3.1.3/lib/ruby/gems/3.1.0/gems/bundler-2.6.8/exe/bundle:20:in `<top (required)>'
	from /Users/AntonyDeighton/.rbenv/versions/3.1.3/bin/bundle:25:in `load'
	from /Users/AntonyDeighton/.rbenv/versions/3.1.3/bin/bundle:25:in `<main>'
